VCD info: dumpfile wb_serial_dshot_mux_tb.vcd opened for output.
[TB] Starting directed tests for wb_serial_dshot_mux
[TEST1] DSHOT→Passthrough handover
[FORCE] Forcing tb_mux_force_en=1 sel=1 ch=10
[TEST1] FAIL: pad not driven by DSHOT as expected (pad=z dshot=1)
[FORCE] Forcing tb_mux_force_en=1 sel=0 ch=10
[TEST1] FAIL: pad not Z during handover (pad=0)
[TEST1] OK: pad driven by passthrough after handover
[TEST2] Non-target pads tri-stated in passthrough
[FORCE] Forcing tb_mux_force_en=1 sel=0 ch=01
[TEST2] OK: target pad driven
[TEST2] OK: non-target pads Z
[TEST3] serial_rx synchronizer and gating
[FORCE] Forcing tb_mux_force_en=1 sel=0 ch=00
[TEST3] OK: serial_rx_o sampled high after sync
[FORCE] Forcing tb_mux_force_en=1 sel=1 ch=00
[TEST3] OK: serial_rx_o forced 0 in DSHOT mode
[TEST4] Rapid toggle stress test
[FORCE] Forcing tb_mux_force_en=1 sel=0 ch=00
[FORCE] Forcing tb_mux_force_en=1 sel=1 ch=01
[FORCE] Forcing tb_mux_force_en=1 sel=0 ch=10
[FORCE] Forcing tb_mux_force_en=1 sel=1 ch=11
[FORCE] Forcing tb_mux_force_en=1 sel=0 ch=00
[FORCE] Forcing tb_mux_force_en=1 sel=1 ch=01
[FORCE] Forcing tb_mux_force_en=1 sel=0 ch=10
[FORCE] Forcing tb_mux_force_en=1 sel=1 ch=11
[FORCE] Forcing tb_mux_force_en=1 sel=0 ch=00
[FORCE] Forcing tb_mux_force_en=1 sel=1 ch=01
[FORCE] Forcing tb_mux_force_en=1 sel=0 ch=10
[FORCE] Forcing tb_mux_force_en=1 sel=1 ch=11
[FORCE] Forcing tb_mux_force_en=1 sel=0 ch=00
[FORCE] Forcing tb_mux_force_en=1 sel=1 ch=01
[FORCE] Forcing tb_mux_force_en=1 sel=0 ch=10
[FORCE] Forcing tb_mux_force_en=1 sel=1 ch=11
[FORCE] Forcing tb_mux_force_en=1 sel=0 ch=00
[FORCE] Forcing tb_mux_force_en=1 sel=1 ch=01
[FORCE] Forcing tb_mux_force_en=1 sel=0 ch=10
[FORCE] Forcing tb_mux_force_en=1 sel=1 ch=11
[TEST4] Completed rapid toggle loop
[TB] All directed tests complete
wb_serial_dshot_mux_tb.sv:129: $finish called at 1395000 (1ps)
