
*** Running vivado
    with args -log riscv_54mhz_clk_wiz_0_1.vds -m64 -product Vivado -mode batch -messageDb vivado.pb -notrace -source riscv_54mhz_clk_wiz_0_1.tcl


****** Vivado v2025.2 (64-bit)
  **** SW Build 6299465 on Fri Nov 14 12:34:56 MST 2025
  **** IP Build 6300035 on Fri Nov 14 10:48:45 MST 2025
  **** SharedData Build 6298862 on Thu Nov 13 04:50:51 MST 2025
  **** Start of session at: Mon Mar  9 22:45:49 2026
    ** Copyright 1986-2022 Xilinx, Inc. All Rights Reserved.
    ** Copyright 2022-2025 Advanced Micro Devices, Inc. All Rights Reserved.

source riscv_54mhz_clk_wiz_0_1.tcl -notrace
create_project: Time (s): cpu = 00:00:16 ; elapsed = 00:00:06 . Memory (MB): peak = 1610.852 ; gain = 140.059 ; free physical = 1965 ; free virtual = 4084
Command: synth_design -top riscv_54mhz_clk_wiz_0_1 -part xc7s50csga324-1 -incremental_mode off -mode out_of_context
Starting synth_design
Attempting to get a license for feature 'Synthesis' and/or device 'xc7s50'
INFO: [Common 17-349] Got license for feature 'Synthesis' and/or device 'xc7s50'
INFO: [Device 21-403] Loading part xc7s50csga324-1
INFO: [Synth 8-7079] Multithreading enabled for synth_design using a maximum of 7 processes.
INFO: [Synth 8-7078] Launching helper process for spawning children vivado processes
INFO: [Synth 8-7075] Helper process launched with PID 41437
---------------------------------------------------------------------------------
Starting RTL Elaboration : Time (s): cpu = 00:00:06 ; elapsed = 00:00:07 . Memory (MB): peak = 2273.898 ; gain = 481.188 ; free physical = 1118 ; free virtual = 3475
---------------------------------------------------------------------------------
INFO: [Synth 8-6157] synthesizing module 'riscv_54mhz_clk_wiz_0_1' [/media/tcmichals/projects/Tang9K/HacksterIO/SPIQuadCopter/ArtS7-50/project/SPICopter/SPICopter.gen/sources_1/bd/riscv_54mhz/ip/riscv_54mhz_clk_wiz_0_1/riscv_54mhz_clk_wiz_0_1.v:65]
INFO: [Synth 8-6157] synthesizing module 'riscv_54mhz_clk_wiz_0_1_clk_wiz' [/media/tcmichals/projects/Tang9K/HacksterIO/SPIQuadCopter/ArtS7-50/project/SPICopter/SPICopter.gen/sources_1/bd/riscv_54mhz/ip/riscv_54mhz_clk_wiz_0_1/riscv_54mhz_clk_wiz_0_1_clk_wiz.v:65]
INFO: [Synth 8-6157] synthesizing module 'IBUF' [/home/tcmichals/harddrive/tools/AMD/2025.2/Vivado/scripts/rt/data/unisim_comp.v:82804]
INFO: [Synth 8-6155] done synthesizing module 'IBUF' (0#1) [/home/tcmichals/harddrive/tools/AMD/2025.2/Vivado/scripts/rt/data/unisim_comp.v:82804]
INFO: [Synth 8-6157] synthesizing module 'MMCME2_ADV' [/home/tcmichals/harddrive/tools/AMD/2025.2/Vivado/scripts/rt/data/unisim_comp.v:95844]
	Parameter BANDWIDTH bound to: OPTIMIZED - type: string 
	Parameter CLKFBOUT_MULT_F bound to: 6.300000e+01 - type: double 
	Parameter CLKFBOUT_PHASE bound to: 0.000000e+00 - type: double 
	Parameter CLKFBOUT_USE_FINE_PS bound to: FALSE - type: string 
	Parameter CLKIN1_PERIOD bound to: 8.333300e+01 - type: double 
	Parameter CLKOUT0_DIVIDE_F bound to: 1.400000e+01 - type: double 
	Parameter CLKOUT0_DUTY_CYCLE bound to: 5.000000e-01 - type: double 
	Parameter CLKOUT0_PHASE bound to: 0.000000e+00 - type: double 
	Parameter CLKOUT0_USE_FINE_PS bound to: FALSE - type: string 
	Parameter CLKOUT4_CASCADE bound to: FALSE - type: string 
	Parameter COMPENSATION bound to: ZHOLD - type: string 
	Parameter DIVCLK_DIVIDE bound to: 1 - type: integer 
	Parameter STARTUP_WAIT bound to: FALSE - type: string 
INFO: [Synth 8-6155] done synthesizing module 'MMCME2_ADV' (0#1) [/home/tcmichals/harddrive/tools/AMD/2025.2/Vivado/scripts/rt/data/unisim_comp.v:95844]
INFO: [Synth 8-6157] synthesizing module 'BUFG' [/home/tcmichals/harddrive/tools/AMD/2025.2/Vivado/scripts/rt/data/unisim_comp.v:2678]
INFO: [Synth 8-6155] done synthesizing module 'BUFG' (0#1) [/home/tcmichals/harddrive/tools/AMD/2025.2/Vivado/scripts/rt/data/unisim_comp.v:2678]
INFO: [Synth 8-6155] done synthesizing module 'riscv_54mhz_clk_wiz_0_1_clk_wiz' (0#1) [/media/tcmichals/projects/Tang9K/HacksterIO/SPIQuadCopter/ArtS7-50/project/SPICopter/SPICopter.gen/sources_1/bd/riscv_54mhz/ip/riscv_54mhz_clk_wiz_0_1/riscv_54mhz_clk_wiz_0_1_clk_wiz.v:65]
INFO: [Synth 8-6155] done synthesizing module 'riscv_54mhz_clk_wiz_0_1' (0#1) [/media/tcmichals/projects/Tang9K/HacksterIO/SPIQuadCopter/ArtS7-50/project/SPICopter/SPICopter.gen/sources_1/bd/riscv_54mhz/ip/riscv_54mhz_clk_wiz_0_1/riscv_54mhz_clk_wiz_0_1.v:65]
---------------------------------------------------------------------------------
Finished RTL Elaboration : Time (s): cpu = 00:00:07 ; elapsed = 00:00:09 . Memory (MB): peak = 2364.836 ; gain = 572.125 ; free physical = 893 ; free virtual = 3258
---------------------------------------------------------------------------------
---------------------------------------------------------------------------------
Start Handling Custom Attributes
---------------------------------------------------------------------------------
---------------------------------------------------------------------------------
Finished Handling Custom Attributes : Time (s): cpu = 00:00:07 ; elapsed = 00:00:09 . Memory (MB): peak = 2379.680 ; gain = 586.969 ; free physical = 885 ; free virtual = 3250
---------------------------------------------------------------------------------
---------------------------------------------------------------------------------
Finished RTL Optimization Phase 1 : Time (s): cpu = 00:00:07 ; elapsed = 00:00:09 . Memory (MB): peak = 2379.680 ; gain = 586.969 ; free physical = 885 ; free virtual = 3250
---------------------------------------------------------------------------------
Netlist sorting complete. Time (s): cpu = 00:00:00 ; elapsed = 00:00:00 . Memory (MB): peak = 2385.617 ; gain = 0.000 ; free physical = 878 ; free virtual = 3243
INFO: [Netlist 29-17] Analyzing 1 Unisim elements for replacement
INFO: [Netlist 29-28] Unisim Transformation completed in 0 CPU seconds
INFO: [Project 1-570] Preparing netlist for logic optimization

Processing XDC Constraints
Initializing timing engine
Parsing XDC File [/media/tcmichals/projects/Tang9K/HacksterIO/SPIQuadCopter/ArtS7-50/project/SPICopter/SPICopter.gen/sources_1/bd/riscv_54mhz/ip/riscv_54mhz_clk_wiz_0_1/riscv_54mhz_clk_wiz_0_1_ooc.xdc] for cell 'inst'
Finished Parsing XDC File [/media/tcmichals/projects/Tang9K/HacksterIO/SPIQuadCopter/ArtS7-50/project/SPICopter/SPICopter.gen/sources_1/bd/riscv_54mhz/ip/riscv_54mhz_clk_wiz_0_1/riscv_54mhz_clk_wiz_0_1_ooc.xdc] for cell 'inst'
Parsing XDC File [/media/tcmichals/projects/Tang9K/HacksterIO/SPIQuadCopter/ArtS7-50/project/SPICopter/SPICopter.gen/sources_1/bd/riscv_54mhz/ip/riscv_54mhz_clk_wiz_0_1/riscv_54mhz_clk_wiz_0_1_board.xdc] for cell 'inst'
Finished Parsing XDC File [/media/tcmichals/projects/Tang9K/HacksterIO/SPIQuadCopter/ArtS7-50/project/SPICopter/SPICopter.gen/sources_1/bd/riscv_54mhz/ip/riscv_54mhz_clk_wiz_0_1/riscv_54mhz_clk_wiz_0_1_board.xdc] for cell 'inst'
Parsing XDC File [/media/tcmichals/projects/Tang9K/HacksterIO/SPIQuadCopter/ArtS7-50/project/SPICopter/SPICopter.gen/sources_1/bd/riscv_54mhz/ip/riscv_54mhz_clk_wiz_0_1/riscv_54mhz_clk_wiz_0_1.xdc] for cell 'inst'
Finished Parsing XDC File [/media/tcmichals/projects/Tang9K/HacksterIO/SPIQuadCopter/ArtS7-50/project/SPICopter/SPICopter.gen/sources_1/bd/riscv_54mhz/ip/riscv_54mhz_clk_wiz_0_1/riscv_54mhz_clk_wiz_0_1.xdc] for cell 'inst'
INFO: [Project 1-236] Implementation specific constraints were found while reading constraint file [/media/tcmichals/projects/Tang9K/HacksterIO/SPIQuadCopter/ArtS7-50/project/SPICopter/SPICopter.gen/sources_1/bd/riscv_54mhz/ip/riscv_54mhz_clk_wiz_0_1/riscv_54mhz_clk_wiz_0_1.xdc]. These constraints will be ignored for synthesis but will be used in implementation. Impacted constraints are listed in the file [.Xil/riscv_54mhz_clk_wiz_0_1_propImpl.xdc].
Resolution: To avoid this warning, move constraints listed in [.Xil/riscv_54mhz_clk_wiz_0_1_propImpl.xdc] to another XDC file and exclude this new file from synthesis with the used_in_synthesis property (File Properties dialog in GUI) and re-run elaboration/synthesis.
INFO: [Timing 38-2] Deriving generated clocks
Parsing XDC File [/media/tcmichals/projects/Tang9K/HacksterIO/SPIQuadCopter/ArtS7-50/project/SPICopter/SPICopter.runs/riscv_54mhz_clk_wiz_0_1_synth_1/dont_touch.xdc]
Finished Parsing XDC File [/media/tcmichals/projects/Tang9K/HacksterIO/SPIQuadCopter/ArtS7-50/project/SPICopter/SPICopter.runs/riscv_54mhz_clk_wiz_0_1_synth_1/dont_touch.xdc]
Completed Processing XDC Constraints

Netlist sorting complete. Time (s): cpu = 00:00:00 ; elapsed = 00:00:00 . Memory (MB): peak = 2428.605 ; gain = 0.000 ; free physical = 894 ; free virtual = 3262
INFO: [Project 1-111] Unisim Transformation Summary:
No Unisim elements were transformed.

Constraint Validation Runtime : Time (s): cpu = 00:00:00.02 ; elapsed = 00:00:00.01 . Memory (MB): peak = 2428.641 ; gain = 0.000 ; free physical = 894 ; free virtual = 3262
INFO: [Designutils 20-5008] Incremental synthesis strategy off
---------------------------------------------------------------------------------
Finished Constraint Validation : Time (s): cpu = 00:00:15 ; elapsed = 00:00:17 . Memory (MB): peak = 2428.641 ; gain = 635.930 ; free physical = 279 ; free virtual = 2645
---------------------------------------------------------------------------------
---------------------------------------------------------------------------------
Start Loading Part and Timing Information
---------------------------------------------------------------------------------
Loading part: xc7s50csga324-1
---------------------------------------------------------------------------------
Finished Loading Part and Timing Information : Time (s): cpu = 00:00:15 ; elapsed = 00:00:17 . Memory (MB): peak = 2436.609 ; gain = 643.898 ; free physical = 279 ; free virtual = 2645
---------------------------------------------------------------------------------
---------------------------------------------------------------------------------
Start Applying 'set_property' XDC Constraints
---------------------------------------------------------------------------------
---------------------------------------------------------------------------------
Finished applying 'set_property' XDC Constraints : Time (s): cpu = 00:00:15 ; elapsed = 00:00:17 . Memory (MB): peak = 2436.609 ; gain = 643.898 ; free physical = 279 ; free virtual = 2645
---------------------------------------------------------------------------------
---------------------------------------------------------------------------------
Finished RTL Optimization Phase 2 : Time (s): cpu = 00:00:15 ; elapsed = 00:00:18 . Memory (MB): peak = 2436.609 ; gain = 643.898 ; free physical = 253 ; free virtual = 2622
---------------------------------------------------------------------------------
---------------------------------------------------------------------------------
Start RTL Component Statistics 
---------------------------------------------------------------------------------
Detailed RTL Component Info : 
---------------------------------------------------------------------------------
Finished RTL Component Statistics 
---------------------------------------------------------------------------------
---------------------------------------------------------------------------------
Start Part Resource Summary
---------------------------------------------------------------------------------
Part Resources:
DSPs: 120 (col length:60)
BRAMs: 150 (col length: RAMB18 60 RAMB36 30)
---------------------------------------------------------------------------------
Finished Part Resource Summary
---------------------------------------------------------------------------------
---------------------------------------------------------------------------------
Start Cross Boundary and Area Optimization
---------------------------------------------------------------------------------
---------------------------------------------------------------------------------
Finished Cross Boundary and Area Optimization : Time (s): cpu = 00:00:17 ; elapsed = 00:00:20 . Memory (MB): peak = 2436.609 ; gain = 643.898 ; free physical = 265 ; free virtual = 2555
---------------------------------------------------------------------------------
---------------------------------------------------------------------------------
Start Applying XDC Timing Constraints
---------------------------------------------------------------------------------
---------------------------------------------------------------------------------
Finished Applying XDC Timing Constraints : Time (s): cpu = 00:00:22 ; elapsed = 00:00:24 . Memory (MB): peak = 2524.609 ; gain = 731.898 ; free physical = 168 ; free virtual = 2385
---------------------------------------------------------------------------------
---------------------------------------------------------------------------------
Start Timing Optimization
---------------------------------------------------------------------------------
---------------------------------------------------------------------------------
Finished Timing Optimization : Time (s): cpu = 00:00:22 ; elapsed = 00:00:24 . Memory (MB): peak = 2524.609 ; gain = 731.898 ; free physical = 168 ; free virtual = 2385
---------------------------------------------------------------------------------
---------------------------------------------------------------------------------
Start Technology Mapping
---------------------------------------------------------------------------------
---------------------------------------------------------------------------------
Finished Technology Mapping : Time (s): cpu = 00:00:22 ; elapsed = 00:00:24 . Memory (MB): peak = 2534.625 ; gain = 741.914 ; free physical = 160 ; free virtual = 2377
---------------------------------------------------------------------------------
---------------------------------------------------------------------------------
Start IO Insertion
---------------------------------------------------------------------------------
---------------------------------------------------------------------------------
Start Flattening Before IO Insertion
---------------------------------------------------------------------------------
---------------------------------------------------------------------------------
Finished Flattening Before IO Insertion
---------------------------------------------------------------------------------
---------------------------------------------------------------------------------
Start Final Netlist Cleanup
---------------------------------------------------------------------------------
---------------------------------------------------------------------------------
Finished Final Netlist Cleanup
---------------------------------------------------------------------------------
---------------------------------------------------------------------------------
Finished IO Insertion : Time (s): cpu = 00:00:26 ; elapsed = 00:00:29 . Memory (MB): peak = 2721.438 ; gain = 928.727 ; free physical = 147 ; free virtual = 1985
---------------------------------------------------------------------------------
---------------------------------------------------------------------------------
Start Renaming Generated Instances
---------------------------------------------------------------------------------
---------------------------------------------------------------------------------
Finished Renaming Generated Instances : Time (s): cpu = 00:00:26 ; elapsed = 00:00:29 . Memory (MB): peak = 2721.438 ; gain = 928.727 ; free physical = 147 ; free virtual = 1985
---------------------------------------------------------------------------------
---------------------------------------------------------------------------------
Start Rebuilding User Hierarchy
---------------------------------------------------------------------------------
---------------------------------------------------------------------------------
Finished Rebuilding User Hierarchy : Time (s): cpu = 00:00:26 ; elapsed = 00:00:29 . Memory (MB): peak = 2721.438 ; gain = 928.727 ; free physical = 147 ; free virtual = 1985
---------------------------------------------------------------------------------
---------------------------------------------------------------------------------
Start Renaming Generated Ports
---------------------------------------------------------------------------------
---------------------------------------------------------------------------------
Finished Renaming Generated Ports : Time (s): cpu = 00:00:26 ; elapsed = 00:00:29 . Memory (MB): peak = 2721.438 ; gain = 928.727 ; free physical = 147 ; free virtual = 1985
---------------------------------------------------------------------------------
---------------------------------------------------------------------------------
Start Handling Custom Attributes
---------------------------------------------------------------------------------
---------------------------------------------------------------------------------
Finished Handling Custom Attributes : Time (s): cpu = 00:00:26 ; elapsed = 00:00:29 . Memory (MB): peak = 2721.438 ; gain = 928.727 ; free physical = 147 ; free virtual = 1985
---------------------------------------------------------------------------------
---------------------------------------------------------------------------------
Start Renaming Generated Nets
---------------------------------------------------------------------------------
---------------------------------------------------------------------------------
Finished Renaming Generated Nets : Time (s): cpu = 00:00:26 ; elapsed = 00:00:29 . Memory (MB): peak = 2721.438 ; gain = 928.727 ; free physical = 147 ; free virtual = 1985
---------------------------------------------------------------------------------
---------------------------------------------------------------------------------
Start Writing Synthesis Report
---------------------------------------------------------------------------------

Report BlackBoxes: 
+-+--------------+----------+
| |BlackBox name |Instances |
+-+--------------+----------+
+-+--------------+----------+

Report Cell Usage: 
+------+-----------+------+
|      |Cell       |Count |
+------+-----------+------+
|1     |BUFG       |     2|
|2     |MMCME2_ADV |     1|
|3     |IBUF       |     1|
+------+-----------+------+
---------------------------------------------------------------------------------
Finished Writing Synthesis Report : Time (s): cpu = 00:00:26 ; elapsed = 00:00:29 . Memory (MB): peak = 2721.438 ; gain = 928.727 ; free physical = 147 ; free virtual = 1985
---------------------------------------------------------------------------------
Synthesis finished with 0 errors, 0 critical warnings and 0 warnings.
Synthesis Optimization Runtime : Time (s): cpu = 00:00:25 ; elapsed = 00:00:27 . Memory (MB): peak = 2721.438 ; gain = 879.766 ; free physical = 139 ; free virtual = 1977
Synthesis Optimization Complete : Time (s): cpu = 00:00:26 ; elapsed = 00:00:30 . Memory (MB): peak = 2721.445 ; gain = 928.727 ; free physical = 139 ; free virtual = 1977
INFO: [Project 1-571] Translating synthesized netlist
Netlist sorting complete. Time (s): cpu = 00:00:00 ; elapsed = 00:00:00 . Memory (MB): peak = 2721.445 ; gain = 0.000 ; free physical = 131 ; free virtual = 1978
INFO: [Netlist 29-17] Analyzing 1 Unisim elements for replacement
INFO: [Netlist 29-28] Unisim Transformation completed in 0 CPU seconds
INFO: [Project 1-570] Preparing netlist for logic optimization
INFO: [Opt 31-138] Pushed 0 inverter(s) to 0 load pin(s).
Netlist sorting complete. Time (s): cpu = 00:00:00 ; elapsed = 00:00:00 . Memory (MB): peak = 2721.445 ; gain = 0.000 ; free physical = 442 ; free virtual = 2269
INFO: [Project 1-111] Unisim Transformation Summary:
No Unisim elements were transformed.

Synth Design complete | Checksum: 13a227e2
INFO: [Common 17-83] Releasing license: Synthesis
29 Infos, 0 Warnings, 0 Critical Warnings and 0 Errors encountered.
synth_design completed successfully
synth_design: Time (s): cpu = 00:00:34 ; elapsed = 00:00:34 . Memory (MB): peak = 2721.473 ; gain = 1080.012 ; free physical = 438 ; free virtual = 2266
INFO: [Common 17-2834] synth_design peak Physical Memory [PSS] (MB): overall = 1918.384; main = 1715.246; forked = 236.876
INFO: [Common 17-2834] synth_design peak Virtual Memory [VSS] (MB): overall = 3715.656; main = 2721.441; forked = 994.230
Write ShapeDB Complete: Time (s): cpu = 00:00:00 ; elapsed = 00:00:00 . Memory (MB): peak = 2745.449 ; gain = 0.000 ; free physical = 438 ; free virtual = 2266
INFO: [Common 17-1381] The checkpoint '/media/tcmichals/projects/Tang9K/HacksterIO/SPIQuadCopter/ArtS7-50/project/SPICopter/SPICopter.runs/riscv_54mhz_clk_wiz_0_1_synth_1/riscv_54mhz_clk_wiz_0_1.dcp' has been generated.
INFO: [Coretcl 2-1648] Added synthesis output to IP cache for IP riscv_54mhz_clk_wiz_0_1, cache-ID = 8facdefd8d5aa143
Write ShapeDB Complete: Time (s): cpu = 00:00:00 ; elapsed = 00:00:00.01 . Memory (MB): peak = 2745.449 ; gain = 0.000 ; free physical = 452 ; free virtual = 2289
INFO: [Common 17-1381] The checkpoint '/media/tcmichals/projects/Tang9K/HacksterIO/SPIQuadCopter/ArtS7-50/project/SPICopter/SPICopter.runs/riscv_54mhz_clk_wiz_0_1_synth_1/riscv_54mhz_clk_wiz_0_1.dcp' has been generated.
INFO: [Vivado 12-24828] Executing command : report_utilization -file riscv_54mhz_clk_wiz_0_1_utilization_synth.rpt -pb riscv_54mhz_clk_wiz_0_1_utilization_synth.pb
INFO: [Common 17-206] Exiting Vivado at Mon Mar  9 22:46:44 2026...
